<?xml version="1.0" encoding="UTF-8"?>
<!-- Generated by org.testng.reporters.JUnitReportReporter -->
<testsuite skipped="0" hostname="DurgaBhavani" name="SamplePhoton.PhotonMavenProject.RestAPIFizzBUzz" tests="1" failures="0" timestamp="2022-03-02T19:54:19 IST" time="0.456" errors="0">
  <testcase name="ValidateAPIResponseAndPrintOutputJSON" time="0.456" classname="SamplePhoton.PhotonMavenProject.RestAPIFizzBUzz"/>
  <system-out/>
</testsuite> <!-- SamplePhoton.PhotonMavenProject.RestAPIFizzBUzz -->
