<?xml version="1.0" encoding="UTF-8"?>
<!-- Generated by org.testng.reporters.JUnitReportReporter -->
<testsuite skipped="0" hostname="DurgaBhavani" name="com.sample.CommonMethods" tests="1" failures="0" timestamp="2022-03-10T12:58:27 IST" time="3.931" errors="0">
  <testcase name="launchApplication" time="3.931" classname="com.sample.CommonMethods"/>
  <system-out/>
</testsuite> <!-- com.sample.CommonMethods -->
