<?xml version="1.0" encoding="UTF-8"?>
<!-- Generated by org.testng.reporters.JUnitReportReporter -->
<testsuite skipped="0" hostname="DurgaBhavani" name="SamplePhoton.PhotonMavenProject.FizzBuzz" tests="1" failures="0" timestamp="2022-03-02T19:52:44 IST" time="0.006" errors="0">
  <testcase name="validateInput" time="0.006" classname="SamplePhoton.PhotonMavenProject.FizzBuzz"/>
  <system-out/>
</testsuite> <!-- SamplePhoton.PhotonMavenProject.FizzBuzz -->
